TN:
SF:src/auth.ts
FN:49,(anonymous_1)
FN:77,(anonymous_2)
FN:78,(anonymous_3)
FN:102,(anonymous_4)
FN:132,(anonymous_5)
FN:144,(anonymous_6)
FN:160,(anonymous_7)
FN:184,(anonymous_8)
FN:191,(anonymous_9)
FN:198,(anonymous_10)
FN:205,(anonymous_11)
FN:250,(anonymous_12)
FN:260,(anonymous_13)
FN:275,(anonymous_14)
FN:286,(anonymous_15)
FN:297,(anonymous_16)
FN:323,(anonymous_17)
FN:340,(anonymous_18)
FNF:18
FNH:15
FNDA:35,(anonymous_1)
FNDA:0,(anonymous_2)
FNDA:0,(anonymous_3)
FNDA:5,(anonymous_4)
FNDA:16,(anonymous_5)
FNDA:0,(anonymous_6)
FNDA:2,(anonymous_7)
FNDA:3,(anonymous_8)
FNDA:3,(anonymous_9)
FNDA:1,(anonymous_10)
FNDA:4,(anonymous_11)
FNDA:3,(anonymous_12)
FNDA:7,(anonymous_13)
FNDA:6,(anonymous_14)
FNDA:9,(anonymous_15)
FNDA:3,(anonymous_16)
FNDA:3,(anonymous_17)
FNDA:6,(anonymous_18)
DA:5,5
DA:6,5
DA:7,5
DA:8,5
DA:37,5
DA:40,35
DA:41,35
DA:42,35
DA:51,35
DA:52,35
DA:53,35
DA:54,35
DA:58,35
DA:59,35
DA:60,0
DA:63,35
DA:65,35
DA:76,35
DA:77,0
DA:79,0
DA:80,0
DA:81,0
DA:87,0
DA:92,0
DA:104,5
DA:105,1
DA:109,4
DA:110,0
DA:111,0
DA:115,4
DA:117,4
DA:118,4
DA:119,3
DA:121,4
DA:133,16
DA:144,16
DA:145,0
DA:146,0
DA:147,0
DA:148,0
DA:150,0
DA:154,16
DA:161,2
DA:162,1
DA:163,1
DA:164,1
DA:177,1
DA:185,3
DA:192,3
DA:199,1
DA:207,4
DA:209,4
DA:210,4
DA:219,3
DA:222,3
DA:224,3
DA:231,3
DA:232,3
DA:234,1
DA:236,1
DA:237,1
DA:243,0
DA:251,3
DA:265,7
DA:266,7
DA:269,7
DA:275,7
DA:276,6
DA:280,7
DA:287,9
DA:288,7
DA:289,7
DA:290,7
DA:304,3
DA:305,2
DA:308,1
DA:309,1
DA:324,3
DA:325,1
DA:329,2
DA:332,2
DA:334,2
DA:341,6
DA:344,6
LF:84
LH:69
BRDA:52,0,0,35
BRDA:59,1,0,0
BRDA:79,2,0,0
BRDA:80,3,0,0
BRDA:104,4,0,1
BRDA:104,5,0,5
BRDA:104,5,1,1
BRDA:109,6,0,0
BRDA:161,7,0,1
BRDA:192,8,0,3
BRDA:192,8,1,2
BRDA:199,9,0,1
BRDA:199,9,1,1
BRDA:228,10,0,3
BRDA:228,10,1,3
BRDA:236,11,0,1
BRDA:270,12,0,7
BRDA:270,12,1,0
BRDA:287,13,0,7
BRDA:304,14,0,2
BRDA:324,15,0,1
BRDA:341,16,0,1
BRDA:341,16,1,5
BRDA:342,17,0,0
BRDA:342,17,1,5
BRF:25
BRH:19
end_of_record
TN:
SF:src/client.ts
FN:76,(anonymous_0)
FN:117,(anonymous_1)
FN:161,(anonymous_2)
FN:170,(anonymous_3)
FN:179,(anonymous_4)
FN:188,(anonymous_5)
FN:195,(anonymous_6)
FN:204,(anonymous_7)
FN:215,(anonymous_8)
FN:233,(anonymous_9)
FN:270,(anonymous_10)
FN:282,(anonymous_11)
FN:284,(anonymous_12)
FN:285,(anonymous_13)
FN:310,(anonymous_14)
FN:312,(anonymous_15)
FN:326,(anonymous_16)
FN:337,(anonymous_17)
FN:354,(anonymous_18)
FNF:19
FNH:13
FNDA:20,(anonymous_0)
FNDA:3,(anonymous_1)
FNDA:1,(anonymous_2)
FNDA:1,(anonymous_3)
FNDA:1,(anonymous_4)
FNDA:1,(anonymous_5)
FNDA:1,(anonymous_6)
FNDA:4,(anonymous_7)
FNDA:2,(anonymous_8)
FNDA:20,(anonymous_9)
FNDA:2,(anonymous_10)
FNDA:15,(anonymous_11)
FNDA:0,(anonymous_12)
FNDA:0,(anonymous_13)
FNDA:1,(anonymous_14)
FNDA:0,(anonymous_15)
FNDA:0,(anonymous_16)
FNDA:0,(anonymous_17)
FNDA:0,(anonymous_18)
DA:5,3
DA:6,3
DA:7,3
DA:8,3
DA:9,3
DA:10,3
DA:17,3
DA:54,3
DA:78,20
DA:81,15
DA:84,15
DA:92,15
DA:98,15
DA:101,15
DA:102,1
DA:106,15
DA:107,15
DA:108,15
DA:109,15
DA:122,3
DA:124,3
DA:126,3
DA:130,1
DA:132,1
DA:138,2
DA:140,2
DA:141,1
DA:148,1
DA:162,1
DA:171,1
DA:180,1
DA:189,1
DA:196,1
DA:206,4
DA:207,4
DA:217,2
DA:220,2
DA:221,2
DA:225,2
DA:226,0
DA:234,20
DA:235,2
DA:238,18
DA:239,1
DA:242,17
DA:243,2
DA:244,1
DA:248,16
DA:249,0
DA:250,0
DA:254,16
DA:255,2
DA:256,1
DA:260,15
DA:261,0
DA:262,0
DA:271,2
DA:272,2
DA:273,1
DA:275,1
DA:283,15
DA:284,0
DA:286,0
DA:288,0
DA:293,0
DA:295,0
DA:301,0
DA:312,1
DA:313,0
DA:314,0
DA:321,0
DA:325,1
DA:327,0
DA:328,0
DA:335,0
DA:338,0
DA:339,0
DA:346,0
DA:355,0
DA:358,0
DA:359,0
DA:362,0
DA:363,0
DA:366,0
LF:84
LH:58
BRDA:101,0,0,1
BRDA:140,1,0,1
BRDA:140,2,0,2
BRDA:140,2,1,1
BRDA:220,3,0,2
BRDA:225,4,0,0
BRDA:234,5,0,2
BRDA:234,6,0,20
BRDA:234,6,1,18
BRDA:238,7,0,1
BRDA:238,8,0,18
BRDA:238,8,1,17
BRDA:242,9,0,2
BRDA:243,10,0,1
BRDA:243,11,0,2
BRDA:243,11,1,2
BRDA:248,12,0,0
BRDA:249,13,0,0
BRDA:249,14,0,0
BRDA:249,14,1,0
BRDA:254,15,0,2
BRDA:255,16,0,1
BRDA:255,17,0,2
BRDA:255,17,1,2
BRDA:260,18,0,0
BRDA:261,19,0,0
BRDA:261,20,0,0
BRDA:261,20,1,0
BRDA:286,21,0,0
BRDA:286,21,1,0
BRDA:293,22,0,0
BRDA:293,22,1,0
BRDA:313,23,0,0
BRDA:318,24,0,0
BRDA:318,24,1,0
BRDA:327,25,0,0
BRDA:338,26,0,0
BRDA:358,27,0,0
BRDA:362,28,0,0
BRF:39
BRH:19
end_of_record
TN:
SF:src/index.ts
FN:8,(anonymous_4)
FN:9,(anonymous_5)
FN:19,(anonymous_6)
FN:20,(anonymous_7)
FN:21,(anonymous_8)
FN:22,(anonymous_9)
FN:37,(anonymous_10)
FN:37,(anonymous_11)
FN:37,(anonymous_12)
FN:41,(anonymous_13)
FN:46,(anonymous_14)
FN:47,(anonymous_15)
FN:55,(anonymous_16)
FN:58,(anonymous_17)
FNF:14
FNH:3
FNDA:5,(anonymous_4)
FNDA:0,(anonymous_5)
FNDA:0,(anonymous_6)
FNDA:0,(anonymous_7)
FNDA:0,(anonymous_8)
FNDA:0,(anonymous_9)
FNDA:7,(anonymous_10)
FNDA:17,(anonymous_11)
FNDA:0,(anonymous_12)
FNDA:0,(anonymous_13)
FNDA:0,(anonymous_14)
FNDA:0,(anonymous_15)
FNDA:0,(anonymous_16)
FNDA:0,(anonymous_17)
DA:8,6
DA:9,1
DA:12,1
DA:13,1
DA:14,1
DA:15,1
DA:16,1
DA:19,1
DA:20,1
DA:21,1
DA:22,1
DA:25,1
DA:26,1
DA:27,1
DA:30,1
DA:31,1
DA:37,18
DA:40,1
DA:41,1
DA:45,1
DA:46,1
DA:47,1
DA:54,1
DA:55,1
DA:58,1
LF:25
LH:25
BRF:0
BRH:0
end_of_record
TN:
SF:src/errors/api-error.ts
FN:15,(anonymous_0)
FN:37,(anonymous_1)
FN:70,(anonymous_2)
FN:77,(anonymous_3)
FN:84,(anonymous_4)
FN:94,(anonymous_5)
FN:113,(anonymous_6)
FN:125,(anonymous_7)
FN:137,(anonymous_8)
FN:149,(anonymous_9)
FNF:10
FNH:3
FNDA:13,(anonymous_0)
FNDA:0,(anonymous_1)
FNDA:0,(anonymous_2)
FNDA:0,(anonymous_3)
FNDA:0,(anonymous_4)
FNDA:0,(anonymous_5)
FNDA:2,(anonymous_6)
FNDA:0,(anonymous_7)
FNDA:5,(anonymous_8)
FNDA:0,(anonymous_9)
DA:8,10
DA:9,13
DA:22,13
DA:23,13
DA:24,13
DA:25,13
DA:26,13
DA:29,13
DA:30,13
DA:42,0
DA:46,0
DA:47,0
DA:49,0
DA:50,0
DA:51,0
DA:52,0
DA:55,0
DA:56,0
DA:59,0
DA:60,0
DA:64,0
DA:71,0
DA:78,0
DA:86,0
DA:95,0
DA:110,10
DA:111,2
DA:114,2
DA:121,10
DA:122,0
DA:126,0
DA:127,0
DA:134,10
DA:135,5
DA:138,5
DA:145,10
DA:146,0
DA:150,0
DA:151,0
DA:153,0
DA:154,0
LF:41
LH:17
BRDA:24,0,0,13
BRDA:24,0,1,1
BRDA:25,1,0,13
BRDA:25,1,1,12
BRDA:26,2,0,13
BRDA:26,2,1,13
BRDA:29,3,0,13
BRDA:46,4,0,0
BRDA:46,5,0,0
BRDA:46,5,1,0
BRDA:49,6,0,0
BRDA:49,6,1,0
BRDA:51,7,0,0
BRDA:55,8,0,0
BRDA:59,9,0,0
BRDA:59,10,0,0
BRDA:59,10,1,0
BRDA:71,11,0,0
BRDA:71,11,1,0
BRDA:78,12,0,0
BRDA:78,12,1,0
BRDA:86,13,0,0
BRDA:86,13,1,0
BRDA:86,13,2,0
BRDA:127,14,0,0
BRDA:127,14,1,0
BRDA:153,15,0,0
BRF:27
BRH:7
end_of_record
TN:
SF:src/models/account.ts
FN:40,(anonymous_0)
FN:50,(anonymous_1)
FNF:2
FNH:2
FNDA:1,(anonymous_0)
FNDA:1,(anonymous_1)
DA:40,1
DA:41,1
DA:42,1
DA:43,1
DA:44,1
DA:50,1
DA:51,1
DA:52,1
DA:53,1
LF:9
LH:9
BRDA:40,0,0,1
BRDA:40,0,1,1
BRDA:50,1,0,1
BRDA:50,1,1,1
BRF:4
BRH:4
end_of_record
TN:
SF:src/models/address.ts
FN:83,(anonymous_0)
FNF:1
FNH:1
FNDA:1,(anonymous_0)
DA:83,1
DA:84,1
DA:85,1
DA:86,1
DA:87,1
LF:5
LH:5
BRDA:83,0,0,1
BRDA:83,0,1,1
BRF:2
BRH:2
end_of_record
TN:
SF:src/models/amount.ts
FN:15,(anonymous_0)
FN:23,(anonymous_1)
FN:30,(anonymous_2)
FN:37,(anonymous_3)
FN:44,(anonymous_4)
FN:51,(anonymous_5)
FN:58,(anonymous_6)
FN:68,(anonymous_7)
FN:78,(anonymous_8)
FN:85,(anonymous_9)
FN:92,(anonymous_10)
FN:99,(anonymous_11)
FN:109,(anonymous_12)
FN:119,(anonymous_13)
FN:126,(anonymous_14)
FN:133,(anonymous_15)
FN:140,(anonymous_16)
FN:147,(anonymous_17)
FN:157,(anonymous_18)
FN:164,(anonymous_19)
FNF:20
FNH:0
FNDA:0,(anonymous_0)
FNDA:0,(anonymous_1)
FNDA:0,(anonymous_2)
FNDA:0,(anonymous_3)
FNDA:0,(anonymous_4)
FNDA:0,(anonymous_5)
FNDA:0,(anonymous_6)
FNDA:0,(anonymous_7)
FNDA:0,(anonymous_8)
FNDA:0,(anonymous_9)
FNDA:0,(anonymous_10)
FNDA:0,(anonymous_11)
FNDA:0,(anonymous_12)
FNDA:0,(anonymous_13)
FNDA:0,(anonymous_14)
FNDA:0,(anonymous_15)
FNDA:0,(anonymous_16)
FNDA:0,(anonymous_17)
FNDA:0,(anonymous_18)
FNDA:0,(anonymous_19)
DA:5,1
DA:11,1
DA:16,0
DA:17,0
DA:24,0
DA:31,0
DA:38,0
DA:45,0
DA:52,0
DA:59,0
DA:60,0
DA:62,0
DA:69,0
DA:70,0
DA:72,0
DA:79,0
DA:86,0
DA:93,0
DA:100,0
DA:101,0
DA:103,0
DA:110,0
DA:111,0
DA:113,0
DA:120,0
DA:127,0
DA:134,0
DA:141,0
DA:148,0
DA:158,0
DA:165,0
LF:31
LH:2
BRDA:44,0,0,0
BRDA:59,1,0,0
BRDA:69,2,0,0
BRDA:93,3,0,0
BRDA:93,3,1,0
BRDA:100,4,0,0
BRDA:110,5,0,0
BRF:7
BRH:0
end_of_record
TN:
SF:src/models/automation.ts
FN:65,(anonymous_0)
FN:75,(anonymous_1)
FN:101,(anonymous_2)
FN:206,(anonymous_3)
FN:319,(anonymous_4)
FNF:5
FNH:5
FNDA:1,(anonymous_0)
FNDA:1,(anonymous_1)
FNDA:1,(anonymous_2)
FNDA:1,(anonymous_3)
FNDA:1,(anonymous_4)
DA:65,1
DA:66,1
DA:67,1
DA:68,1
DA:69,1
DA:75,1
DA:76,1
DA:77,1
DA:78,1
DA:79,1
DA:80,1
DA:81,1
DA:101,1
DA:102,1
DA:103,1
DA:104,1
DA:105,1
DA:106,1
DA:206,1
DA:207,1
DA:208,1
DA:209,1
DA:210,1
DA:211,1
DA:319,1
DA:320,1
DA:321,1
DA:322,1
DA:323,1
DA:324,1
LF:30
LH:30
BRDA:65,0,0,1
BRDA:65,0,1,1
BRDA:75,1,0,1
BRDA:75,1,1,1
BRDA:101,2,0,1
BRDA:101,2,1,1
BRDA:206,3,0,1
BRDA:206,3,1,1
BRDA:319,4,0,1
BRDA:319,4,1,1
BRF:10
BRH:10
end_of_record
TN:
SF:src/models/transfer.ts
FN:98,(anonymous_0)
FNF:1
FNH:1
FNDA:1,(anonymous_0)
DA:98,1
DA:99,1
DA:100,1
DA:101,1
DA:102,1
LF:5
LH:5
BRDA:98,0,0,1
BRDA:98,0,1,1
BRF:2
BRH:2
end_of_record
TN:
SF:src/security/credential-rotation.ts
FN:80,(anonymous_0)
FN:88,(anonymous_1)
FN:95,(anonymous_2)
FN:114,(anonymous_3)
FN:119,(anonymous_4)
FN:134,(anonymous_5)
FN:145,(anonymous_6)
FN:186,(anonymous_7)
FN:272,(anonymous_8)
FN:315,(anonymous_9)
FN:326,(anonymous_10)
FN:344,(anonymous_11)
FN:356,(anonymous_12)
FN:360,(anonymous_13)
FN:364,(anonymous_14)
FN:371,(anonymous_15)
FN:376,(anonymous_16)
FN:381,(anonymous_17)
FNF:18
FNH:15
FNDA:22,(anonymous_0)
FNDA:21,(anonymous_1)
FNDA:21,(anonymous_2)
FNDA:9,(anonymous_3)
FNDA:0,(anonymous_4)
FNDA:22,(anonymous_5)
FNDA:11,(anonymous_6)
FNDA:6,(anonymous_7)
FNDA:8,(anonymous_8)
FNDA:13,(anonymous_9)
FNDA:57,(anonymous_10)
FNDA:18,(anonymous_11)
FNDA:22,(anonymous_12)
FNDA:5,(anonymous_13)
FNDA:5,(anonymous_14)
FNDA:0,(anonymous_15)
FNDA:4,(anonymous_16)
FNDA:0,(anonymous_17)
DA:6,5
DA:7,5
DA:62,5
DA:74,5
DA:76,22
DA:77,22
DA:78,22
DA:81,22
DA:82,22
DA:89,21
DA:96,21
DA:97,21
DA:105,21
DA:115,9
DA:116,0
DA:119,9
DA:120,0
DA:123,9
DA:128,9
DA:135,22
DA:136,9
DA:137,9
DA:138,9
DA:146,11
DA:147,1
DA:148,1
DA:151,10
DA:152,10
DA:153,10
DA:156,10
DA:157,2
DA:164,8
DA:165,0
DA:172,8
DA:173,1
DA:187,6
DA:188,1
DA:191,5
DA:192,0
DA:195,5
DA:196,5
DA:198,5
DA:205,5
DA:207,5
DA:208,0
DA:212,5
DA:215,5
DA:220,5
DA:221,1
DA:225,4
DA:226,4
DA:233,4
DA:236,4
DA:238,0
DA:241,4
DA:252,4
DA:254,1
DA:265,1
DA:279,8
DA:280,0
DA:288,8
DA:289,8
DA:290,8
DA:293,8
DA:294,1
DA:295,7
DA:296,1
DA:297,6
DA:298,1
DA:300,5
DA:303,8
DA:316,13
DA:317,13
DA:327,57
DA:329,28
DA:338,28
DA:345,18
DA:346,18
DA:353,5
DA:354,22
DA:357,22
DA:361,5
DA:365,5
DA:366,0
DA:368,5
DA:373,0
DA:378,4
DA:382,0
LF:88
LH:78
BRDA:80,0,0,7
BRDA:95,1,0,6
BRDA:98,2,0,21
BRDA:98,2,1,21
BRDA:99,3,0,21
BRDA:99,3,1,15
BRDA:101,4,0,21
BRDA:101,4,1,12
BRDA:101,4,2,0
BRDA:102,5,0,21
BRDA:102,5,1,13
BRDA:115,6,0,0
BRDA:135,7,0,9
BRDA:146,8,0,1
BRDA:156,9,0,2
BRDA:156,9,1,8
BRDA:164,10,0,0
BRDA:164,10,1,8
BRDA:172,11,0,1
BRDA:187,12,0,1
BRDA:191,13,0,0
BRDA:207,14,0,0
BRDA:220,15,0,1
BRDA:258,16,0,1
BRDA:258,16,1,0
BRDA:260,17,0,1
BRDA:260,17,1,0
BRDA:279,18,0,0
BRDA:293,19,0,1
BRDA:293,19,1,7
BRDA:295,20,0,1
BRDA:295,20,1,6
BRDA:297,21,0,1
BRDA:297,21,1,5
BRDA:326,22,0,14
BRDA:327,23,0,29
BRDA:357,24,0,22
BRDA:357,24,1,0
BRDA:365,25,0,0
BRF:39
BRH:29
end_of_record
TN:
SF:src/security/credential-validator.ts
FN:16,(anonymous_0)
FN:46,(anonymous_1)
FN:54,(anonymous_2)
FNF:3
FNH:3
FNDA:35,(anonymous_0)
FNDA:25,(anonymous_1)
FNDA:35,(anonymous_2)
DA:12,5
DA:17,35
DA:18,35
DA:21,35
DA:22,35
DA:23,35
DA:26,35
DA:27,35
DA:28,35
DA:32,35
DA:33,0
DA:36,35
DA:47,25
DA:48,25
DA:55,35
DA:58,35
DA:59,0
DA:62,35
LF:18
LH:16
BRDA:21,0,0,35
BRDA:21,1,0,35
BRDA:21,1,1,0
BRDA:26,2,0,35
BRDA:32,3,0,0
BRDA:32,4,0,35
BRDA:32,4,1,0
BRDA:47,5,0,0
BRDA:47,6,0,25
BRDA:47,6,1,25
BRDA:58,7,0,0
BRDA:58,8,0,35
BRDA:58,8,1,0
BRDA:58,8,2,0
BRF:14
BRH:7
end_of_record
TN:
SF:src/security/token-storage.ts
FN:39,(anonymous_9)
FN:50,(anonymous_10)
FN:78,(anonymous_11)
FN:122,(anonymous_12)
FN:137,(anonymous_13)
FN:145,(anonymous_14)
FN:160,(anonymous_15)
FN:185,(anonymous_16)
FNF:8
FNH:2
FNDA:1,(anonymous_9)
FNDA:0,(anonymous_10)
FNDA:0,(anonymous_11)
FNDA:0,(anonymous_12)
FNDA:0,(anonymous_13)
FNDA:0,(anonymous_14)
FNDA:0,(anonymous_15)
FNDA:1,(anonymous_16)
DA:6,1
DA:35,1
DA:37,1
DA:40,1
DA:51,0
DA:52,0
DA:57,0
DA:59,0
DA:60,0
DA:64,0
DA:65,0
DA:68,0
DA:71,0
DA:79,0
DA:80,0
DA:82,0
DA:83,0
DA:85,0
DA:88,0
DA:89,0
DA:92,0
DA:95,0
DA:96,0
DA:97,0
DA:100,0
DA:104,0
DA:107,0
DA:108,0
DA:109,0
DA:112,0
DA:114,0
DA:115,0
DA:123,0
DA:124,0
DA:125,0
DA:127,0
DA:130,0
DA:138,0
DA:139,0
DA:146,0
DA:147,0
DA:149,0
DA:150,0
DA:152,0
DA:154,0
DA:161,0
DA:162,0
DA:163,0
DA:166,0
DA:167,0
DA:168,0
DA:170,0
DA:172,0
DA:173,0
DA:176,0
DA:177,0
DA:179,0
DA:186,1
DA:193,1
LF:59
LH:6
BRDA:39,0,0,1
BRDA:41,1,0,1
BRDA:41,1,1,1
BRDA:42,2,0,1
BRDA:42,2,1,1
BRDA:43,3,0,1
BRDA:43,3,1,1
BRDA:59,4,0,0
BRDA:64,5,0,0
BRDA:64,5,1,0
BRDA:64,6,0,0
BRDA:64,6,1,0
BRDA:71,7,0,0
BRDA:71,7,1,0
BRDA:82,8,0,0
BRDA:82,8,1,0
BRDA:82,9,0,0
BRDA:82,9,1,0
BRDA:85,10,0,0
BRDA:85,10,1,0
BRDA:88,11,0,0
BRDA:95,12,0,0
BRDA:95,13,0,0
BRDA:95,13,1,0
BRDA:107,14,0,0
BRDA:107,15,0,0
BRDA:107,15,1,0
BRDA:124,16,0,0
BRDA:124,16,1,0
BRDA:124,17,0,0
BRDA:124,17,1,0
BRDA:139,18,0,0
BRDA:139,18,1,0
BRDA:139,18,2,0
BRDA:152,19,0,0
BRDA:152,19,1,0
BRDA:162,20,0,0
BRDA:172,21,0,0
BRF:38
BRH:7
end_of_record
TN:
SF:src/services/accounts.ts
FN:22,(anonymous_0)
FN:30,(anonymous_1)
FN:47,(anonymous_2)
FN:63,(anonymous_3)
FN:81,(anonymous_4)
FN:99,(anonymous_5)
FN:111,(anonymous_6)
FN:128,(anonymous_7)
FN:153,(anonymous_8)
FN:154,(anonymous_9)
FN:168,(anonymous_10)
FN:177,(anonymous_11)
FN:194,(anonymous_12)
FN:209,(anonymous_13)
FN:218,(anonymous_14)
FN:221,(anonymous_15)
FN:228,(anonymous_16)
FN:242,(anonymous_17)
FNF:18
FNH:1
FNDA:1,(anonymous_0)
FNDA:0,(anonymous_1)
FNDA:0,(anonymous_2)
FNDA:0,(anonymous_3)
FNDA:0,(anonymous_4)
FNDA:0,(anonymous_5)
FNDA:0,(anonymous_6)
FNDA:0,(anonymous_7)
FNDA:0,(anonymous_8)
FNDA:0,(anonymous_9)
FNDA:0,(anonymous_10)
FNDA:0,(anonymous_11)
FNDA:0,(anonymous_12)
FNDA:0,(anonymous_13)
FNDA:0,(anonymous_14)
FNDA:0,(anonymous_15)
FNDA:0,(anonymous_16)
FNDA:0,(anonymous_17)
DA:14,3
DA:15,3
DA:16,3
DA:21,3
DA:22,1
DA:31,0
DA:33,0
DA:38,0
DA:48,0
DA:50,0
DA:54,0
DA:64,0
DA:66,0
DA:71,0
DA:82,0
DA:83,0
DA:85,0
DA:90,0
DA:100,0
DA:102,0
DA:112,0
DA:114,0
DA:118,0
DA:132,0
DA:134,0
DA:135,0
DA:136,0
DA:137,0
DA:140,0
DA:145,0
DA:154,0
DA:155,0
DA:156,0
DA:157,0
DA:159,0
DA:162,0
DA:169,0
DA:170,0
DA:178,0
DA:179,0
DA:182,0
DA:183,0
DA:186,0
DA:187,0
DA:195,0
DA:196,0
DA:197,0
DA:200,0
DA:201,0
DA:212,0
DA:219,0
DA:221,0
DA:229,0
DA:232,0
DA:233,0
DA:236,0
DA:243,0
DA:246,0
DA:247,0
DA:250,0
DA:251,0
DA:252,0
DA:254,0
DA:255,0
DA:259,0
LF:65
LH:5
BRDA:31,0,0,0
BRDA:31,0,1,0
BRDA:135,1,0,0
BRDA:156,2,0,0
BRDA:169,3,0,0
BRDA:169,4,0,0
BRDA:169,4,1,0
BRDA:169,4,2,0
BRDA:178,5,0,0
BRDA:178,6,0,0
BRDA:178,6,1,0
BRDA:178,6,2,0
BRDA:182,7,0,0
BRDA:186,8,0,0
BRDA:195,9,0,0
BRDA:196,10,0,0
BRDA:196,11,0,0
BRDA:196,11,1,0
BRDA:200,12,0,0
BRDA:232,13,0,0
BRDA:246,14,0,0
BRDA:250,15,0,0
BRDA:251,16,0,0
BRDA:254,17,0,0
BRF:24
BRH:0
end_of_record
TN:
SF:src/services/addresses.ts
FN:28,(anonymous_0)
FN:38,(anonymous_1)
FN:65,(anonymous_2)
FN:84,(anonymous_3)
FN:110,(anonymous_4)
FN:135,(anonymous_5)
FN:167,(anonymous_6)
FN:187,(anonymous_7)
FN:201,(anonymous_8)
FN:219,(anonymous_9)
FN:245,(anonymous_10)
FN:270,(anonymous_11)
FN:282,(anonymous_12)
FN:301,(anonymous_13)
FN:310,(anonymous_14)
FN:319,(anonymous_15)
FN:333,(anonymous_16)
FN:348,(anonymous_17)
FN:363,(anonymous_18)
FN:400,(anonymous_19)
FN:422,(anonymous_20)
FN:425,(anonymous_21)
FN:432,(anonymous_22)
FNF:23
FNH:1
FNDA:1,(anonymous_0)
FNDA:0,(anonymous_1)
FNDA:0,(anonymous_2)
FNDA:0,(anonymous_3)
FNDA:0,(anonymous_4)
FNDA:0,(anonymous_5)
FNDA:0,(anonymous_6)
FNDA:0,(anonymous_7)
FNDA:0,(anonymous_8)
FNDA:0,(anonymous_9)
FNDA:0,(anonymous_10)
FNDA:0,(anonymous_11)
FNDA:0,(anonymous_12)
FNDA:0,(anonymous_13)
FNDA:0,(anonymous_14)
FNDA:0,(anonymous_15)
FNDA:0,(anonymous_16)
FNDA:0,(anonymous_17)
FNDA:0,(anonymous_18)
FNDA:0,(anonymous_19)
FNDA:0,(anonymous_20)
FNDA:0,(anonymous_21)
FNDA:0,(anonymous_22)
DA:19,3
DA:21,3
DA:22,3
DA:27,3
DA:28,1
DA:43,0
DA:45,0
DA:50,0
DA:55,0
DA:66,0
DA:67,0
DA:69,0
DA:73,0
DA:89,0
DA:94,0
DA:96,0
DA:115,0
DA:120,0
DA:122,0
DA:136,0
DA:137,0
DA:139,0
DA:146,0
DA:156,0
DA:168,0
DA:169,0
DA:170,0
DA:172,0
DA:177,0
DA:188,0
DA:189,0
DA:191,0
DA:202,0
DA:203,0
DA:205,0
DA:209,0
DA:220,0
DA:222,0
DA:226,0
DA:227,0
DA:230,0
DA:235,0
DA:246,0
DA:248,0
DA:249,0
DA:250,0
DA:253,0
DA:258,0
DA:277,0
DA:282,0
DA:283,0
DA:286,0
DA:287,0
DA:291,0
DA:302,0
DA:303,0
DA:311,0
DA:312,0
DA:320,0
DA:321,0
DA:325,0
DA:326,0
DA:334,0
DA:336,0
DA:337,0
DA:340,0
DA:341,0
DA:349,0
DA:350,0
DA:351,0
DA:354,0
DA:355,0
DA:364,0
DA:366,0
DA:367,0
DA:370,0
DA:371,0
DA:374,0
DA:375,0
DA:378,0
DA:379,0
DA:382,0
DA:383,0
DA:386,0
DA:387,0
DA:390,0
DA:391,0
DA:394,0
DA:401,0
DA:404,0
DA:405,0
DA:408,0
DA:409,0
DA:412,0
DA:413,0
DA:416,0
DA:423,0
DA:425,0
DA:433,0
DA:436,0
DA:437,0
DA:440,0
LF:102
LH:5
BRDA:46,0,0,0
BRDA:46,0,1,0
BRDA:47,1,0,0
BRDA:47,1,1,0
BRDA:226,2,0,0
BRDA:249,3,0,0
BRDA:283,4,0,0
BRDA:283,4,1,0
BRDA:286,5,0,0
BRDA:302,6,0,0
BRDA:302,7,0,0
BRDA:302,7,1,0
BRDA:302,7,2,0
BRDA:311,8,0,0
BRDA:311,9,0,0
BRDA:311,9,1,0
BRDA:311,9,2,0
BRDA:320,10,0,0
BRDA:320,11,0,0
BRDA:320,11,1,0
BRDA:320,11,2,0
BRDA:325,12,0,0
BRDA:325,13,0,0
BRDA:325,13,1,0
BRDA:336,14,0,0
BRDA:340,15,0,0
BRDA:340,16,0,0
BRDA:340,16,1,0
BRDA:349,17,0,0
BRDA:350,18,0,0
BRDA:354,19,0,0
BRDA:366,20,0,0
BRDA:370,21,0,0
BRDA:374,22,0,0
BRDA:378,23,0,0
BRDA:382,24,0,0
BRDA:386,25,0,0
BRDA:390,26,0,0
BRDA:404,27,0,0
BRDA:408,28,0,0
BRDA:412,29,0,0
BRDA:436,30,0,0
BRF:42
BRH:0
end_of_record
TN:
SF:src/services/automations.ts
FN:42,(anonymous_0)
FN:52,(anonymous_1)
FN:79,(anonymous_2)
FN:97,(anonymous_3)
FN:124,(anonymous_4)
FN:148,(anonymous_5)
FN:162,(anonymous_6)
FN:180,(anonymous_7)
FN:199,(anonymous_8)
FN:223,(anonymous_9)
FN:241,(anonymous_10)
FN:268,(anonymous_11)
FN:293,(anonymous_12)
FN:318,(anonymous_13)
FN:327,(anonymous_14)
FN:336,(anonymous_15)
FN:361,(anonymous_16)
FN:376,(anonymous_17)
FN:409,(anonymous_18)
FN:435,(anonymous_19)
FN:438,(anonymous_20)
FN:445,(anonymous_21)
FN:459,(anonymous_22)
FN:462,(anonymous_23)
FNF:24
FNH:1
FNDA:1,(anonymous_0)
FNDA:0,(anonymous_1)
FNDA:0,(anonymous_2)
FNDA:0,(anonymous_3)
FNDA:0,(anonymous_4)
FNDA:0,(anonymous_5)
FNDA:0,(anonymous_6)
FNDA:0,(anonymous_7)
FNDA:0,(anonymous_8)
FNDA:0,(anonymous_9)
FNDA:0,(anonymous_10)
FNDA:0,(anonymous_11)
FNDA:0,(anonymous_12)
FNDA:0,(anonymous_13)
FNDA:0,(anonymous_14)
FNDA:0,(anonymous_15)
FNDA:0,(anonymous_16)
FNDA:0,(anonymous_17)
FNDA:0,(anonymous_18)
FNDA:0,(anonymous_19)
FNDA:0,(anonymous_20)
FNDA:0,(anonymous_21)
FNDA:0,(anonymous_22)
FNDA:0,(anonymous_23)
DA:15,3
DA:17,3
DA:18,3
DA:41,3
DA:42,1
DA:57,0
DA:59,0
DA:64,0
DA:69,0
DA:80,0
DA:81,0
DA:83,0
DA:87,0
DA:98,0
DA:99,0
DA:101,0
DA:103,0
DA:113,0
DA:129,0
DA:130,0
DA:131,0
DA:133,0
DA:138,0
DA:149,0
DA:150,0
DA:152,0
DA:163,0
DA:164,0
DA:166,0
DA:170,0
DA:181,0
DA:182,0
DA:184,0
DA:188,0
DA:200,0
DA:201,0
DA:203,0
DA:204,0
DA:205,0
DA:208,0
DA:213,0
DA:224,0
DA:225,0
DA:227,0
DA:231,0
DA:242,0
DA:243,0
DA:245,0
DA:247,0
DA:257,0
DA:273,0
DA:274,0
DA:276,0
DA:278,0
DA:283,0
DA:299,0
DA:300,0
DA:302,0
DA:312,0
DA:319,0
DA:320,0
DA:328,0
DA:329,0
DA:337,0
DA:338,0
DA:341,0
DA:342,0
DA:345,0
DA:346,0
DA:349,0
DA:350,0
DA:353,0
DA:354,0
DA:362,0
DA:363,0
DA:364,0
DA:367,0
DA:368,0
DA:377,0
DA:379,0
DA:380,0
DA:381,0
DA:383,0
DA:387,0
DA:388,0
DA:391,0
DA:392,0
DA:395,0
DA:396,0
DA:399,0
DA:400,0
DA:403,0
DA:410,0
DA:413,0
DA:414,0
DA:417,0
DA:418,0
DA:421,0
DA:422,0
DA:425,0
DA:426,0
DA:429,0
DA:436,0
DA:438,0
DA:446,0
DA:449,0
DA:450,0
DA:453,0
DA:460,0
DA:462,0
LF:110
LH:5
BRDA:60,0,0,0
BRDA:60,0,1,0
BRDA:61,1,0,0
BRDA:61,1,1,0
BRDA:204,2,0,0
BRDA:276,3,0,0
BRDA:276,3,1,0
BRDA:319,4,0,0
BRDA:319,5,0,0
BRDA:319,5,1,0
BRDA:319,5,2,0
BRDA:328,6,0,0
BRDA:328,7,0,0
BRDA:328,7,1,0
BRDA:328,7,2,0
BRDA:337,8,0,0
BRDA:337,9,0,0
BRDA:337,9,1,0
BRDA:337,9,2,0
BRDA:341,10,0,0
BRDA:345,11,0,0
BRDA:349,12,0,0
BRDA:349,13,0,0
BRDA:349,13,1,0
BRDA:353,14,0,0
BRDA:353,15,0,0
BRDA:353,15,1,0
BRDA:362,16,0,0
BRDA:363,17,0,0
BRDA:363,18,0,0
BRDA:363,18,1,0
BRDA:367,19,0,0
BRDA:379,20,0,0
BRDA:380,21,0,0
BRDA:380,21,1,0
BRDA:387,22,0,0
BRDA:391,23,0,0
BRDA:395,24,0,0
BRDA:399,25,0,0
BRDA:413,26,0,0
BRDA:417,27,0,0
BRDA:421,28,0,0
BRDA:425,29,0,0
BRDA:449,30,0,0
BRF:44
BRH:0
end_of_record
TN:
SF:src/services/transfers.ts
FN:23,(anonymous_0)
FN:33,(anonymous_1)
FN:60,(anonymous_2)
FN:78,(anonymous_3)
FN:108,(anonymous_4)
FN:127,(anonymous_5)
FN:145,(anonymous_6)
FN:173,(anonymous_7)
FN:212,(anonymous_8)
FN:221,(anonymous_9)
FN:230,(anonymous_10)
FN:260,(anonymous_11)
FN:268,(anonymous_12)
FN:283,(anonymous_13)
FN:328,(anonymous_14)
FN:350,(anonymous_15)
FN:353,(anonymous_16)
FN:360,(anonymous_17)
FNF:18
FNH:18
FNDA:13,(anonymous_0)
FNDA:3,(anonymous_1)
FNDA:2,(anonymous_2)
FNDA:6,(anonymous_3)
FNDA:1,(anonymous_4)
FNDA:1,(anonymous_5)
FNDA:1,(anonymous_6)
FNDA:1,(anonymous_7)
FNDA:14,(anonymous_8)
FNDA:4,(anonymous_9)
FNDA:7,(anonymous_10)
FNDA:1,(anonymous_11)
FNDA:2,(anonymous_12)
FNDA:2,(anonymous_13)
FNDA:7,(anonymous_14)
FNDA:2,(anonymous_15)
FNDA:1,(anonymous_16)
FNDA:1,(anonymous_17)
DA:14,4
DA:16,4
DA:17,4
DA:22,4
DA:23,13
DA:38,3
DA:40,2
DA:45,2
DA:50,2
DA:61,2
DA:62,2
DA:64,1
DA:68,1
DA:79,6
DA:80,6
DA:83,3
DA:88,3
DA:98,3
DA:109,1
DA:110,1
DA:112,1
DA:117,1
DA:128,1
DA:129,1
DA:131,1
DA:135,1
DA:146,1
DA:147,1
DA:149,1
DA:159,1
DA:187,1
DA:206,1
DA:213,14
DA:214,1
DA:222,4
DA:223,1
DA:231,7
DA:232,1
DA:235,6
DA:236,6
DA:237,1
DA:240,5
DA:241,1
DA:244,4
DA:245,0
DA:248,4
DA:249,0
DA:252,4
DA:253,0
DA:262,1
DA:269,2
DA:284,2
DA:286,2
DA:287,1
DA:288,0
DA:290,1
DA:294,2
DA:295,1
DA:298,2
DA:299,0
DA:302,2
DA:303,1
DA:306,2
DA:307,0
DA:310,2
DA:311,0
DA:314,2
DA:315,0
DA:318,2
DA:319,0
DA:322,2
DA:329,7
DA:332,7
DA:333,7
DA:336,7
DA:337,7
DA:340,7
DA:341,0
DA:344,7
DA:351,2
DA:353,1
DA:361,1
LF:82
LH:72
BRDA:41,0,0,2
BRDA:41,0,1,1
BRDA:42,1,0,2
BRDA:42,1,1,1
BRDA:85,2,0,3
BRDA:85,2,1,2
BRDA:213,3,0,1
BRDA:213,4,0,14
BRDA:213,4,1,13
BRDA:213,4,2,13
BRDA:222,5,0,1
BRDA:222,6,0,4
BRDA:222,6,1,3
BRDA:222,6,2,3
BRDA:231,7,0,1
BRDA:231,8,0,7
BRDA:231,8,1,6
BRDA:236,9,0,1
BRDA:236,10,0,6
BRDA:236,10,1,5
BRDA:240,11,0,1
BRDA:244,12,0,0
BRDA:244,13,0,4
BRDA:244,13,1,4
BRDA:248,14,0,0
BRDA:248,15,0,4
BRDA:248,15,1,4
BRDA:252,16,0,0
BRDA:252,17,0,4
BRDA:252,17,1,4
BRDA:274,18,0,2
BRDA:274,18,1,1
BRDA:274,18,2,1
BRDA:276,19,0,2
BRDA:276,19,1,0
BRDA:276,19,2,0
BRDA:286,20,0,1
BRDA:287,21,0,0
BRDA:287,21,1,1
BRDA:294,22,0,1
BRDA:298,23,0,0
BRDA:302,24,0,1
BRDA:306,25,0,0
BRDA:310,26,0,0
BRDA:314,27,0,0
BRDA:318,28,0,0
BRDA:332,29,0,7
BRDA:336,30,0,7
BRDA:340,31,0,0
BRF:49
BRH:37
end_of_record
TN:
SF:src/types/common.ts
FN:5,(anonymous_0)
FN:18,(anonymous_1)
FN:24,(anonymous_2)
FN:41,(anonymous_3)
FN:49,(anonymous_4)
FNF:5
FNH:5
FNDA:3,(anonymous_0)
FNDA:3,(anonymous_1)
FNDA:3,(anonymous_2)
FNDA:3,(anonymous_3)
FNDA:3,(anonymous_4)
DA:5,3
DA:6,3
DA:7,3
DA:8,3
DA:9,3
DA:10,3
DA:11,3
DA:12,3
DA:13,3
DA:14,3
DA:15,3
DA:18,3
DA:19,3
DA:20,3
DA:21,3
DA:24,3
DA:26,3
DA:27,3
DA:29,3
DA:30,3
DA:31,3
DA:32,3
DA:33,3
DA:34,3
DA:35,3
DA:36,3
DA:37,3
DA:38,3
DA:41,3
DA:42,3
DA:43,3
DA:44,3
DA:45,3
DA:46,3
DA:49,3
DA:50,3
DA:51,3
LF:37
LH:37
BRDA:5,0,0,3
BRDA:5,0,1,3
BRDA:18,1,0,3
BRDA:18,1,1,3
BRDA:24,2,0,3
BRDA:24,2,1,3
BRDA:41,3,0,3
BRDA:41,3,1,3
BRDA:49,4,0,3
BRDA:49,4,1,3
BRF:10
BRH:10
end_of_record
TN:
SF:src/utils/idempotency.ts
FN:13,generateIdempotencyKey
FN:28,generateDeterministicKey
FN:35,(anonymous_2)
FN:56,validateIdempotencyKey
FN:79,(anonymous_4)
FN:83,(anonymous_5)
FN:92,(anonymous_6)
FN:114,(anonymous_7)
FN:126,(anonymous_8)
FN:133,(anonymous_9)
FN:140,(anonymous_10)
FN:147,(anonymous_11)
FN:171,makeIdempotent
FN:178,(anonymous_13)
FN:211,idempotent
FN:215,(anonymous_15)
FN:228,(anonymous_16)
FN:260,createTransferIdempotencyKey
FN:278,createAddressIdempotencyKey
FNF:19
FNH:4
FNDA:1,generateIdempotencyKey
FNDA:2,generateDeterministicKey
FNDA:14,(anonymous_2)
FNDA:0,validateIdempotencyKey
FNDA:0,(anonymous_4)
FNDA:0,(anonymous_5)
FNDA:0,(anonymous_6)
FNDA:0,(anonymous_7)
FNDA:0,(anonymous_8)
FNDA:0,(anonymous_9)
FNDA:0,(anonymous_10)
FNDA:0,(anonymous_11)
FNDA:0,makeIdempotent
FNDA:0,(anonymous_13)
FNDA:0,idempotent
FNDA:0,(anonymous_15)
FNDA:0,(anonymous_16)
FNDA:2,createTransferIdempotencyKey
FNDA:0,createAddressIdempotencyKey
DA:5,6
DA:13,6
DA:14,1
DA:15,1
DA:17,1
DA:18,1
DA:28,6
DA:33,2
DA:34,2
DA:35,14
DA:39,2
DA:44,2
DA:45,2
DA:47,2
DA:56,6
DA:58,0
DA:59,0
DA:63,0
DA:64,0
DA:70,6
DA:71,0
DA:80,0
DA:83,0
DA:93,0
DA:95,0
DA:96,0
DA:100,0
DA:101,0
DA:102,0
DA:105,0
DA:115,0
DA:127,0
DA:134,0
DA:141,0
DA:148,0
DA:149,0
DA:151,0
DA:152,0
DA:153,0
DA:157,0
DA:158,0
DA:171,6
DA:176,0
DA:178,0
DA:179,0
DA:182,0
DA:183,0
DA:187,0
DA:188,0
DA:189,0
DA:193,0
DA:194,0
DA:195,0
DA:196,0
DA:199,0
DA:211,6
DA:215,0
DA:220,0
DA:222,0
DA:223,0
DA:226,0
DA:228,0
DA:229,0
DA:231,0
DA:232,0
DA:235,0
DA:236,0
DA:237,0
DA:240,0
DA:241,0
DA:242,0
DA:243,0
DA:246,0
DA:250,0
DA:260,6
DA:269,2
DA:278,6
DA:284,0
LF:78
LH:21
BRDA:18,0,0,1
BRDA:18,0,1,0
BRDA:47,1,0,2
BRDA:47,1,1,0
BRDA:58,2,0,0
BRDA:58,3,0,0
BRDA:58,3,1,0
BRDA:58,3,2,0
BRDA:79,4,0,0
BRDA:95,5,0,0
BRDA:100,6,0,0
BRDA:152,7,0,0
BRDA:176,8,0,0
BRDA:176,8,1,0
BRDA:182,9,0,0
BRDA:188,10,0,0
BRDA:222,11,0,0
BRDA:226,12,0,0
BRDA:226,12,1,0
BRDA:231,13,0,0
BRDA:236,14,0,0
BRF:21
BRH:2
end_of_record
TN:
SF:src/utils/pagination.ts
FN:27,validatePaginationParams
FN:55,createPaginationQuery
FN:79,calculatePaginationMeta
FN:111,(anonymous_3)
FN:123,(anonymous_4)
FN:150,(anonymous_5)
FN:168,(anonymous_6)
FN:180,(anonymous_7)
FN:188,(anonymous_8)
FN:199,createAutoPaginator
FN:211,(anonymous_10)
FN:219,(anonymous_11)
FN:234,createPaginatedResponse
FN:262,cursorToOffset
FN:278,offsetToCursor
FNF:15
FNH:2
FNDA:2,validatePaginationParams
FNDA:2,createPaginationQuery
FNDA:0,calculatePaginationMeta
FNDA:0,(anonymous_3)
FNDA:0,(anonymous_4)
FNDA:0,(anonymous_5)
FNDA:0,(anonymous_6)
FNDA:0,(anonymous_7)
FNDA:0,(anonymous_8)
FNDA:0,createAutoPaginator
FNDA:0,(anonymous_10)
FNDA:0,(anonymous_11)
FNDA:0,createPaginatedResponse
FNDA:0,cursorToOffset
FNDA:0,offsetToCursor
DA:10,7
DA:19,7
DA:27,7
DA:28,2
DA:35,2
DA:36,0
DA:37,2
DA:38,0
DA:42,2
DA:43,0
DA:46,2
DA:55,7
DA:56,2
DA:57,2
DA:59,2
DA:60,1
DA:63,2
DA:64,0
DA:65,2
DA:66,1
DA:69,2
DA:79,7
DA:90,0
DA:91,0
DA:92,0
DA:94,0
DA:107,7
DA:109,0
DA:112,0
DA:115,0
DA:124,0
DA:125,0
DA:128,0
DA:131,0
DA:133,0
DA:135,0
DA:138,0
DA:141,0
DA:151,0
DA:152,0
DA:154,0
DA:155,0
DA:156,0
DA:158,0
DA:159,0
DA:162,0
DA:169,0
DA:170,0
DA:171,0
DA:173,0
DA:181,0
DA:182,0
DA:189,0
DA:199,7
DA:202,0
DA:212,0
DA:213,0
DA:220,0
DA:234,7
DA:240,0
DA:244,0
DA:262,7
DA:263,0
DA:264,0
DA:265,0
DA:266,0
DA:268,0
DA:278,7
DA:279,0
LF:69
LH:23
BRDA:27,0,0,0
BRDA:29,1,0,2
BRDA:29,1,1,1
BRDA:30,2,0,2
BRDA:30,2,1,1
BRDA:31,3,0,2
BRDA:31,3,1,2
BRDA:35,4,0,0
BRDA:35,4,1,2
BRDA:37,5,0,0
BRDA:42,6,0,0
BRDA:59,7,0,1
BRDA:63,8,0,0
BRDA:63,8,1,2
BRDA:65,9,0,1
BRDA:113,10,0,0
BRDA:124,11,0,0
BRDA:133,12,0,0
BRDA:133,12,1,0
BRDA:154,13,0,0
BRDA:154,13,1,0
BRDA:154,13,2,0
BRDA:156,14,0,0
BRDA:171,15,0,0
BRDA:240,16,0,0
BRDA:240,16,1,0
BRDA:266,17,0,0
BRDA:266,17,1,0
BRF:28
BRH:10
end_of_record
TN:
SF:src/utils/retry.ts
FN:42,(anonymous_0)
FN:49,(anonymous_1)
FN:61,retry
FN:104,createRetryWrapper
FN:105,retryWrapper
FN:117,retryable
FN:118,(anonymous_6)
FN:129,(anonymous_7)
FN:130,(anonymous_8)
FN:140,calculateDelay
FN:157,sleep
FN:158,(anonymous_11)
FN:176,(anonymous_13)
FN:195,(anonymous_14)
FN:200,(anonymous_15)
FN:209,(anonymous_16)
FN:213,(anonymous_17)
FN:217,(anonymous_18)
FNF:18
FNH:0
FNDA:0,(anonymous_0)
FNDA:0,(anonymous_1)
FNDA:0,retry
FNDA:0,createRetryWrapper
FNDA:0,retryWrapper
FNDA:0,retryable
FNDA:0,(anonymous_6)
FNDA:0,(anonymous_7)
FNDA:0,(anonymous_8)
FNDA:0,calculateDelay
FNDA:0,sleep
FNDA:0,(anonymous_11)
FNDA:0,(anonymous_13)
FNDA:0,(anonymous_14)
FNDA:0,(anonymous_15)
FNDA:0,(anonymous_16)
FNDA:0,(anonymous_17)
FNDA:0,(anonymous_18)
DA:5,3
DA:36,3
DA:43,0
DA:44,0
DA:47,0
DA:61,3
DA:65,0
DA:66,0
DA:68,0
DA:69,0
DA:70,0
DA:72,0
DA:75,0
DA:76,0
DA:80,0
DA:81,0
DA:85,0
DA:88,0
DA:91,0
DA:95,0
DA:104,3
DA:105,0
DA:106,0
DA:107,0
DA:117,3
DA:118,0
DA:123,0
DA:125,0
DA:126,0
DA:129,0
DA:130,0
DA:133,0
DA:142,0
DA:145,0
DA:148,0
DA:149,0
DA:151,0
DA:158,0
DA:164,3
DA:165,0
DA:166,0
DA:167,0
DA:170,0
DA:171,0
DA:173,0
DA:177,0
DA:178,0
DA:179,0
DA:181,0
DA:185,0
DA:186,0
DA:187,0
DA:188,0
DA:190,0
DA:191,0
DA:196,0
DA:197,0
DA:201,0
DA:202,0
DA:204,0
DA:205,0
DA:210,0
DA:214,0
DA:218,0
DA:219,0
DA:220,0
LF:66
LH:6
BRDA:43,0,0,0
BRDA:63,1,0,0
BRDA:72,2,0,0
BRDA:72,2,1,0
BRDA:75,3,0,0
BRDA:80,4,0,0
BRDA:104,5,0,0
BRDA:117,6,0,0
BRDA:125,7,0,0
BRDA:170,8,0,0
BRDA:171,9,0,0
BRDA:173,10,0,0
BRDA:177,11,0,0
BRDA:178,12,0,0
BRDA:178,12,1,0
BRDA:204,13,0,0
BRF:16
BRH:0
end_of_record
